
ASEM-51 V1.3                                         Copyright (c) 2002 by W.W. Heinz                                         PAGE 1





       MCS-51 Family Macro Assembler   A S E M - 5 1   V 1.3
       =====================================================



	Source File:	G:\icei\ensamblador8051\Ejercicio04\Ejercicio04.asm
	Object File:	G:\icei\ensamblador8051\Ejercicio04\Ejercicio04.hex
	List File:	G:\icei\ensamblador8051\Ejercicio04\Ejercicio04.lst



 Line  I  Addr  Code            Source

    1:		B      0080	led_azul equ P0.0
    2:		B      0081	led_rojo equ P0.1
    3:		B      00B2	boton1 equ P3.2
    4:		B      00B3	boton2 equ P3.3
    5:
    6:		N      0000		org 0h
    7:	  0000	80 14			sjmp inicio
    8:		N      0003		org 3h	;Interrupcion 0
    9:	  0003	D2 80			setb led_azul
   10:	  0005	32			reti
   11:
   12:		N      0013		org 13h	;Interrupcion 1
   13:	  0013	D2 81			setb led_rojo
   14:	  0015	32			reti
   15:
   16:	  0016	D2 A8		inicio:	setb ie.0
   17:	  0018	D2 AA			setb ie.2
   18:	  001A	D2 AF			setb ie.7
   19:	  001C	C2 80		loop:	clr led_azul
   20:	  001E	C2 81			clr led_rojo
   21:	  0020	00			nop
   22:	  0021	80 F9			sjmp loop
   23:					end





                     register banks used:  ---

                     no errors




ASEM-51 V1.3                                         Copyright (c) 2002 by W.W. Heinz                                         PAGE 2





	       L I S T   O F   S Y M B O L S
	       =============================


SYMBOL				  TYPE     VALUE	LINE
------------------------------------------------------------
??ASEM_51			  NUMBER    8051
??VERSION			  NUMBER    0130
AC				  BIT	      D6
ACC				  DATA	      E0
B				  DATA	      F0
BOTON1				  NUMBER    00B2	   3
BOTON2				  NUMBER    00B3	   4
CY				  BIT	      D7
DPH				  DATA	      83
DPL				  DATA	      82
EA				  BIT	      AF
ES				  BIT	      AC
ET0				  BIT	      A9
ET1				  BIT	      AB
EX0				  BIT	      A8
EX1				  BIT	      AA
EXTI0				  CODE	    0003
EXTI1				  CODE	    0013
F0				  BIT	      D5
IE				  DATA	      A8
IE0				  BIT	      89
IE1				  BIT	      8B
INICIO				  CODE	    0016	  16
INT0				  BIT	      B2
INT1				  BIT	      B3
IP				  DATA	      B8
IT0				  BIT	      88
IT1				  BIT	      8A
LED_AZUL			  NUMBER    0080	   1
LED_ROJO			  NUMBER    0081	   2
LOOP				  CODE	    001C	  19
OV				  BIT	      D2
P				  BIT	      D0
P0				  DATA	      80
P1				  DATA	      90
P2				  DATA	      A0
P3				  DATA	      B0
PCON				  DATA	      87
PS				  BIT	      BC
PSW				  DATA	      D0
PT0				  BIT	      B9
PT1				  BIT	      BB
PX0				  BIT	      B8
PX1				  BIT	      BA
RB8				  BIT	      9A
RD				  BIT	      B7
REN				  BIT	      9C
RESET				  CODE	    0000
RI				  BIT	      98
RS0				  BIT	      D3

ASEM-51 V1.3                                         Copyright (c) 2002 by W.W. Heinz                                         PAGE 3



SYMBOL				  TYPE     VALUE	LINE
------------------------------------------------------------
RS1				  BIT	      D4
RXD				  BIT	      B0
SBUF				  DATA	      99
SCON				  DATA	      98
SINT				  CODE	    0023
SM0				  BIT	      9F
SM1				  BIT	      9E
SM2				  BIT	      9D
SP				  DATA	      81
T0				  BIT	      B4
T1				  BIT	      B5
TB8				  BIT	      9B
TCON				  DATA	      88
TF0				  BIT	      8D
TF1				  BIT	      8F
TH0				  DATA	      8C
TH1				  DATA	      8D
TI				  BIT	      99
TIMER0				  CODE	    000B
TIMER1				  CODE	    001B
TL0				  DATA	      8A
TL1				  DATA	      8B
TMOD				  DATA	      89
TR0				  BIT	      8C
TR1				  BIT	      8E
TXD				  BIT	      B1
WR				  BIT	      B6
