
ASEM-51 V1.3                                         Copyright (c) 2002 by W.W. Heinz                                         PAGE 1





       MCS-51 Family Macro Assembler   A S E M - 5 1   V 1.3
       =====================================================



	Source File:	G:\icei\ensamblador8051\Contador0_255\contador.asm
	Object File:	G:\icei\ensamblador8051\Contador0_255\contador.hex
	List File:	G:\icei\ensamblador8051\Contador0_255\contador.lst



 Line  I  Addr  Code            Source

    1:		N      0030	num equ 30h
    2:
    3:		N      0000		org 0h
    4:
    5:	  0000	75 30 EA	inicio:	mov num,#234
    6:	  0003	AC 01			mov R4,1
    7:	  0005	12 00 4A	loop:	call descomponer
    8:	  0008	12 00 38		call cargarDigito
    9:	  000B			mostrarD0:
   10:	  000B	75 A0 FF		mov P2,#255;
   11:	  000E	85 6F 80		mov P0,6Fh
   12:	  0011	75 A0 07		mov P2,#07h
   13:	  0014	12 00 72		call retardo
   14:	  0017			mostrarD1:
   15:	  0017	75 A0 FF		mov P2,#255;
   16:	  001A	85 6E 80		mov P0,6Eh
   17:	  001D	75 A0 0B		mov P2,#0Bh
   18:	  0020	12 00 72	        call retardo
   19:	  0023			mostrarD2:
   20:	  0023	75 A0 FF		mov P2,#255;
   21:	  0026	85 6D 80		mov P0,6Dh
   22:	  0029	75 A0 0D		mov P2,#0Dh
   23:	  002C	12 00 72		call retardo
   24:
   25:	  002F	DC DA			djnz R4,  mostrarD0
   26:	  0031	E5 30			mov a,num
   27:	  0033	04			inc a
   28:	  0034	C5 30			xch a,num
   29:	  0036	80 CD			sjmp loop
   30:
   31:	  0038			cargarDigito:
   32:	  0038	7A 03			mov R2,#3
   33:	  003A	78 7F			mov R0,#7Fh
   34:	  003C	79 6F			mov R1,#6Fh
   35:	  003E			loopdigito:
   36:	  003E	90 00 7B		mov dptr,#digito
   37:	  0041	E6			mov a,@R0
   38:	  0042	93			movc a,@a+dptr
   39:	  0043	F4			cpl a
   40:	  0044	F7			mov @R1,a
   41:	  0045	18			dec R0
   42:	  0046	19			dec R1
   43:	  0047	DA F5			djnz R2,loopdigito

ASEM-51 V1.3                                         Copyright (c) 2002 by W.W. Heinz                                         PAGE 2



 Line  I  Addr  Code            Source

   44:	  0049	22			ret
   45:
   46:	  004A			descomponer:
   47:	  004A	75 7D 00		mov 7dh,#0
   48:	  004D	75 7E 00		mov 7eh,#0
   49:	  0050	75 7F 00		mov 7fh,#0
   50:	  0053	78 7F			mov R0, #7Fh
   51:	  0055	85 30 31		mov 31h,num
   52:	  0058			loop_des:
   53:	  0058	E5 30			mov a,num
   54:	  005A	75 F0 0A		mov b,#10
   55:	  005D	84			div ab
   56:	  005E	FE			mov R6,a	;variable auxiliar R6 <-- A/B
   57:	  005F	75 F0 0A		mov b,#10
   58:	  0062	A4			mul ab		;A <-- A*10
   59:	  0063	C5 30			xch a,num
   60:	  0065	95 30			subb a,num
   61:	  0067	F6			mov @R0,a	;Guarda el valor de a en la direccion que apunta R0
   62:	  0068	18			dec R0		;Decrementa el puntero
   63:	  0069	8E 30			mov num,R6
   64:	  006B	EE			mov a,R6
   65:	  006C	70 EA			jnz loop_des
   66:	  006E	85 31 30		mov num,31h
   67:	  0071	22			ret
   68:
   69:	  0072	7D 02		retardo:mov R5, #2
   70:	  0074	7E FA		del1: 	mov R6, #250
   71:	  0076	DE FE		del2: 	djnz R6, del2
   72:	  0078	DD FA			djnz R5, del1
   73:	  007A	22		      	ret
   74:
   75:	  007B	7E		digito:	db 01111110b;0
   76:	  007C	30			db 00110000b;1
   77:	  007D	6D			db 01101101b;2
   78:	  007E	79			db 01111001b;3
   79:	  007F	33			db 00110011b;4
   80:	  0080	5B			db 01011011b;5
   81:	  0081	5F			db 01011111b;6
   82:	  0082	70			db 01110000b;7
   83:	  0083	7F			db 01111111b;8
   84:	  0084	7B			db 01111011b;9
   85:	  0085	77			db 01110111b;A
   86:	  0086	1F			db 00011111b;B
   87:	  0087	4E			db 01001110b;C
   88:	  0088	3D			db 00111101b;D
   89:	  0089	4F			db 01001111b;E
   90:	  008A	47			db 01000111b;F
   91:					end





                     register banks used:  ---

                     no errors

ASEM-51 V1.3                                         Copyright (c) 2002 by W.W. Heinz                                         PAGE 3







ASEM-51 V1.3                                         Copyright (c) 2002 by W.W. Heinz                                         PAGE 4





	       L I S T   O F   S Y M B O L S
	       =============================


SYMBOL				  TYPE     VALUE	LINE
------------------------------------------------------------
??ASEM_51			  NUMBER    8051
??VERSION			  NUMBER    0130
AC				  BIT	      D6
ACC				  DATA	      E0
B				  DATA	      F0
CARGARDIGITO			  CODE	    0038	  31
CY				  BIT	      D7
DEL1				  CODE	    0074	  70
DEL2				  CODE	    0076	  71
DESCOMPONER			  CODE	    004A	  46
DIGITO				  CODE	    007B	  75
DPH				  DATA	      83
DPL				  DATA	      82
EA				  BIT	      AF
ES				  BIT	      AC
ET0				  BIT	      A9
ET1				  BIT	      AB
EX0				  BIT	      A8
EX1				  BIT	      AA
EXTI0				  CODE	    0003
EXTI1				  CODE	    0013
F0				  BIT	      D5
IE				  DATA	      A8
IE0				  BIT	      89
IE1				  BIT	      8B
INICIO				  CODE	    0000	   5
INT0				  BIT	      B2
INT1				  BIT	      B3
IP				  DATA	      B8
IT0				  BIT	      88
IT1				  BIT	      8A
LOOP				  CODE	    0005	   7
LOOPDIGITO			  CODE	    003E	  35
LOOP_DES			  CODE	    0058	  52
MOSTRARD0			  CODE	    000B	   9
MOSTRARD1			  CODE	    0017	  14
MOSTRARD2			  CODE	    0023	  19
NUM				  NUMBER    0030	   1
OV				  BIT	      D2
P				  BIT	      D0
P0				  DATA	      80
P1				  DATA	      90
P2				  DATA	      A0
P3				  DATA	      B0
PCON				  DATA	      87
PS				  BIT	      BC
PSW				  DATA	      D0
PT0				  BIT	      B9
PT1				  BIT	      BB
PX0				  BIT	      B8

ASEM-51 V1.3                                         Copyright (c) 2002 by W.W. Heinz                                         PAGE 5



SYMBOL				  TYPE     VALUE	LINE
------------------------------------------------------------
PX1				  BIT	      BA
RB8				  BIT	      9A
RD				  BIT	      B7
REN				  BIT	      9C
RESET				  CODE	    0000
RETARDO				  CODE	    0072	  69
RI				  BIT	      98
RS0				  BIT	      D3
RS1				  BIT	      D4
RXD				  BIT	      B0
SBUF				  DATA	      99
SCON				  DATA	      98
SINT				  CODE	    0023
SM0				  BIT	      9F
SM1				  BIT	      9E
SM2				  BIT	      9D
SP				  DATA	      81
T0				  BIT	      B4
T1				  BIT	      B5
TB8				  BIT	      9B
TCON				  DATA	      88
TF0				  BIT	      8D
TF1				  BIT	      8F
TH0				  DATA	      8C
TH1				  DATA	      8D
TI				  BIT	      99
TIMER0				  CODE	    000B
TIMER1				  CODE	    001B
TL0				  DATA	      8A
TL1				  DATA	      8B
TMOD				  DATA	      89
TR0				  BIT	      8C
TR1				  BIT	      8E
TXD				  BIT	      B1
WR				  BIT	      B6
