
ASEM-51 V1.3                                         Copyright (c) 2002 by W.W. Heinz                                         PAGE 1





       MCS-51 Family Macro Assembler   A S E M - 5 1   V 1.3
       =====================================================



	Source File:	E:\ICEI\display4\main.asm
	Object File:	E:\ICEI\display4\main.hex
	List File:	E:\ICEI\display4\main.lst



 Line  I  Addr  Code            Source

    1:		N      0000		org 0h
    2:	  0000	75 30 02		mov 30h,#2
    3:	  0003	75 31 03		mov 31h,#3
    4:	  0006	75 32 08		mov 32h,#8
    5:	  0009	75 33 07		mov 33h,#7
    6:	  000C	7B 01		inicio:	mov R3,#1	;digito
    7:	  000E	78 30			mov R0,#30h	;indice
    8:	  0010	90 00 2E	loop:	mov DPTR,#digito
    9:	  0013	E6			mov A,@R0
   10:	  0014	93			movc A,@A+DPTR
   11:	  0015	8B A0			mov P2,R3
   12:	  0017	F5 90			mov P1,A
   13:	  0019	12 00 25		call retardo
   14:	  001C	08			inc R0
   15:	  001D	EB			mov A,R3
   16:	  001E	23			rl A
   17:	  001F	FB			mov R3,A
   18:	  0020	B8 34 ED		cjne R0,#34h,loop
   19:	  0023	80 E7			sjmp inicio
   20:
   21:	  0025	7E 01		retardo:mov R6,#1
   22:	  0027	7F F9		delay1: mov R7,#249
   23:	  0029	DF FE		delay2: djnz R7,delay2
   24:	  002B	DE FA			djnz R6,delay1
   25:	  002D	22			ret
   26:					  ;.abcdefg
   27:	  002E	3E		digito: db 00111110B ;0
   28:	  002F	30			db 00110000B ;1
   29:	  0030	6D			db 01101101B ;2
   30:	  0031	79			db 01111001B ;3
   31:	  0032	33			db 00110011B ;4
   32:	  0033	5B			db 01011011B ;5
   33:	  0034	7F			db 01111111B ;6
   34:	  0035	70			db 01110000B ;7
   35:	  0036	7F			db 01111111B ;8
   36:	  0037	7B			db 01111011B ;9
   37:
   38:					end
   39:





ASEM-51 V1.3                                         Copyright (c) 2002 by W.W. Heinz                                         PAGE 2




                     register banks used:  ---

                     no errors




ASEM-51 V1.3                                         Copyright (c) 2002 by W.W. Heinz                                         PAGE 3





	       L I S T   O F   S Y M B O L S
	       =============================


SYMBOL				  TYPE     VALUE	LINE
------------------------------------------------------------
??ASEM_51			  NUMBER    8051
??VERSION			  NUMBER    0130
AC				  BIT	      D6
ACC				  DATA	      E0
B				  DATA	      F0
CY				  BIT	      D7
DELAY1				  CODE	    0027	  22
DELAY2				  CODE	    0029	  23
DIGITO				  CODE	    002E	  27
DPH				  DATA	      83
DPL				  DATA	      82
EA				  BIT	      AF
ES				  BIT	      AC
ET0				  BIT	      A9
ET1				  BIT	      AB
EX0				  BIT	      A8
EX1				  BIT	      AA
EXTI0				  CODE	    0003
EXTI1				  CODE	    0013
F0				  BIT	      D5
IE				  DATA	      A8
IE0				  BIT	      89
IE1				  BIT	      8B
INICIO				  CODE	    000C	   6
INT0				  BIT	      B2
INT1				  BIT	      B3
IP				  DATA	      B8
IT0				  BIT	      88
IT1				  BIT	      8A
LOOP				  CODE	    0010	   8
OV				  BIT	      D2
P				  BIT	      D0
P0				  DATA	      80
P1				  DATA	      90
P2				  DATA	      A0
P3				  DATA	      B0
PCON				  DATA	      87
PS				  BIT	      BC
PSW				  DATA	      D0
PT0				  BIT	      B9
PT1				  BIT	      BB
PX0				  BIT	      B8
PX1				  BIT	      BA
RB8				  BIT	      9A
RD				  BIT	      B7
REN				  BIT	      9C
RESET				  CODE	    0000
RETARDO				  CODE	    0025	  21
RI				  BIT	      98
RS0				  BIT	      D3

ASEM-51 V1.3                                         Copyright (c) 2002 by W.W. Heinz                                         PAGE 4



SYMBOL				  TYPE     VALUE	LINE
------------------------------------------------------------
RS1				  BIT	      D4
RXD				  BIT	      B0
SBUF				  DATA	      99
SCON				  DATA	      98
SINT				  CODE	    0023
SM0				  BIT	      9F
SM1				  BIT	      9E
SM2				  BIT	      9D
SP				  DATA	      81
T0				  BIT	      B4
T1				  BIT	      B5
TB8				  BIT	      9B
TCON				  DATA	      88
TF0				  BIT	      8D
TF1				  BIT	      8F
TH0				  DATA	      8C
TH1				  DATA	      8D
TI				  BIT	      99
TIMER0				  CODE	    000B
TIMER1				  CODE	    001B
TL0				  DATA	      8A
TL1				  DATA	      8B
TMOD				  DATA	      89
TR0				  BIT	      8C
TR1				  BIT	      8E
TXD				  BIT	      B1
WR				  BIT	      B6
