
ASEM-51 V1.3                                         Copyright (c) 2002 by W.W. Heinz                                         PAGE 1





       MCS-51 Family Macro Assembler   A S E M - 5 1   V 1.3
       =====================================================



	Source File:	G:\icei\ensamblador8051\Fibonacci\fibo.asm
	Object File:	G:\icei\ensamblador8051\Fibonacci\fibo.hex
	List File:	G:\icei\ensamblador8051\Fibonacci\fibo.lst



 Line  I  Addr  Code            Source

    1:		R	 R3	n equ R3
    2:
    3:		N      0000		org 0h
    4:	  0000	7B 0A		inicio:	mov n,#10
    5:	  0002	78 FF			mov R0, #-1
    6:	  0004	79 01			mov R1, #1
    7:	  0006	E8		loop:	mov A,R0
    8:	  0007	29			add A,R1
    9:	  0008	FA			mov R2,A
   10:	  0009	8A 80			mov P0, R2
   11:	  000B	E9			mov A,R1
   12:	  000C	F8			mov R0,A
   13:	  000D	EA			mov A,R2
   14:	  000E	F9			mov R1,A
   15:	  000F	12 00 19		call retardo
   16:	  0012	12 00 19		call retardo
   17:	  0015	DB EF			djnz n,loop
   18:	  0017	80 E7			sjmp inicio
   19:
   20:	  0019	7B F9		retardo:mov R3, #249
   21:	  001B	7C F9		del1: 	mov R4, #249
   22:	  001D	DC FE		del2: 	djnz R4, del2
   23:	  001F	DB FA			djnz R3, del1
   24:	  0021	22		      	ret
   25:
   26:					end





                     register banks used:  ---

                     no errors




ASEM-51 V1.3                                         Copyright (c) 2002 by W.W. Heinz                                         PAGE 2





	       L I S T   O F   S Y M B O L S
	       =============================


SYMBOL				  TYPE     VALUE	LINE
------------------------------------------------------------
??ASEM_51			  NUMBER    8051
??VERSION			  NUMBER    0130
AC				  BIT	      D6
ACC				  DATA	      E0
B				  DATA	      F0
CY				  BIT	      D7
DEL1				  CODE	    001B	  21
DEL2				  CODE	    001D	  22
DPH				  DATA	      83
DPL				  DATA	      82
EA				  BIT	      AF
ES				  BIT	      AC
ET0				  BIT	      A9
ET1				  BIT	      AB
EX0				  BIT	      A8
EX1				  BIT	      AA
EXTI0				  CODE	    0003
EXTI1				  CODE	    0013
F0				  BIT	      D5
IE				  DATA	      A8
IE0				  BIT	      89
IE1				  BIT	      8B
INICIO				  CODE	    0000	   4
INT0				  BIT	      B2
INT1				  BIT	      B3
IP				  DATA	      B8
IT0				  BIT	      88
IT1				  BIT	      8A
LOOP				  CODE	    0006	   7
N				  REGISTER    R3	   1
OV				  BIT	      D2
P				  BIT	      D0
P0				  DATA	      80
P1				  DATA	      90
P2				  DATA	      A0
P3				  DATA	      B0
PCON				  DATA	      87
PS				  BIT	      BC
PSW				  DATA	      D0
PT0				  BIT	      B9
PT1				  BIT	      BB
PX0				  BIT	      B8
PX1				  BIT	      BA
RB8				  BIT	      9A
RD				  BIT	      B7
REN				  BIT	      9C
RESET				  CODE	    0000
RETARDO				  CODE	    0019	  20
RI				  BIT	      98
RS0				  BIT	      D3

ASEM-51 V1.3                                         Copyright (c) 2002 by W.W. Heinz                                         PAGE 3



SYMBOL				  TYPE     VALUE	LINE
------------------------------------------------------------
RS1				  BIT	      D4
RXD				  BIT	      B0
SBUF				  DATA	      99
SCON				  DATA	      98
SINT				  CODE	    0023
SM0				  BIT	      9F
SM1				  BIT	      9E
SM2				  BIT	      9D
SP				  DATA	      81
T0				  BIT	      B4
T1				  BIT	      B5
TB8				  BIT	      9B
TCON				  DATA	      88
TF0				  BIT	      8D
TF1				  BIT	      8F
TH0				  DATA	      8C
TH1				  DATA	      8D
TI				  BIT	      99
TIMER0				  CODE	    000B
TIMER1				  CODE	    001B
TL0				  DATA	      8A
TL1				  DATA	      8B
TMOD				  DATA	      89
TR0				  BIT	      8C
TR1				  BIT	      8E
TXD				  BIT	      B1
WR				  BIT	      B6
