
ASEM-51 V1.3                                         Copyright (c) 2002 by W.W. Heinz                                         PAGE 1





       MCS-51 Family Macro Assembler   A S E M - 5 1   V 1.3
       =====================================================



	Source File:	G:\icei\ensamblador8051\TemporizadorModo1\temporizador50ms.asm
	Object File:	G:\icei\ensamblador8051\TemporizadorModo1\temporizador50ms.hex
	List File:	G:\icei\ensamblador8051\TemporizadorModo1\temporizador50ms.lst



 Line  I  Addr  Code            Source

    1:		N      0000		org 00h
    2:	  0000	80 0C			sjmp inicio
    3:		N      000B		org 0Bh
    4:					;Timer0
    5:	  000B	12 00 23		call uDisplay
    6:
    7:	  000E			inicio:
    8:
    9:	  000E	75 89 01		mov tmod,#00000001b
   10:	  0011	75 A8 82		mov ie,#10000010b
   11:
   12:	  0014	75 8C 00		mov TH0,#00 ;#60
   13:	  0017	75 8A 10		mov TL0,#16;#176
   14:
   15:	  001A	D2 8C			setb tcon.4
   16:	  001C	74 59		loop:	mov a,#89
   17:	  001E	00			nop
   18:	  001F	00			nop
   19:	  0020	00			nop
   20:
   21:	  0021	80 F9			sjmp loop
   22:
   23:	  0023			uDisplay:
   24:	  0023	00			nop
   25:	  0024	74 56			mov a,#86
   26:	  0026	00			nop
   27:	  0027	C2 8D			clr tf0
   28:	  0029	32			reti
   29:					end





                     register banks used:  ---

                     no errors




ASEM-51 V1.3                                         Copyright (c) 2002 by W.W. Heinz                                         PAGE 2





	       L I S T   O F   S Y M B O L S
	       =============================


SYMBOL				  TYPE     VALUE	LINE
------------------------------------------------------------
??ASEM_51			  NUMBER    8051
??VERSION			  NUMBER    0130
AC				  BIT	      D6
ACC				  DATA	      E0
B				  DATA	      F0
CY				  BIT	      D7
DPH				  DATA	      83
DPL				  DATA	      82
EA				  BIT	      AF
ES				  BIT	      AC
ET0				  BIT	      A9
ET1				  BIT	      AB
EX0				  BIT	      A8
EX1				  BIT	      AA
EXTI0				  CODE	    0003
EXTI1				  CODE	    0013
F0				  BIT	      D5
IE				  DATA	      A8
IE0				  BIT	      89
IE1				  BIT	      8B
INICIO				  CODE	    000E	   7
INT0				  BIT	      B2
INT1				  BIT	      B3
IP				  DATA	      B8
IT0				  BIT	      88
IT1				  BIT	      8A
LOOP				  CODE	    001C	  16
OV				  BIT	      D2
P				  BIT	      D0
P0				  DATA	      80
P1				  DATA	      90
P2				  DATA	      A0
P3				  DATA	      B0
PCON				  DATA	      87
PS				  BIT	      BC
PSW				  DATA	      D0
PT0				  BIT	      B9
PT1				  BIT	      BB
PX0				  BIT	      B8
PX1				  BIT	      BA
RB8				  BIT	      9A
RD				  BIT	      B7
REN				  BIT	      9C
RESET				  CODE	    0000
RI				  BIT	      98
RS0				  BIT	      D3
RS1				  BIT	      D4
RXD				  BIT	      B0
SBUF				  DATA	      99
SCON				  DATA	      98

ASEM-51 V1.3                                         Copyright (c) 2002 by W.W. Heinz                                         PAGE 3



SYMBOL				  TYPE     VALUE	LINE
------------------------------------------------------------
SINT				  CODE	    0023
SM0				  BIT	      9F
SM1				  BIT	      9E
SM2				  BIT	      9D
SP				  DATA	      81
T0				  BIT	      B4
T1				  BIT	      B5
TB8				  BIT	      9B
TCON				  DATA	      88
TF0				  BIT	      8D
TF1				  BIT	      8F
TH0				  DATA	      8C
TH1				  DATA	      8D
TI				  BIT	      99
TIMER0				  CODE	    000B
TIMER1				  CODE	    001B
TL0				  DATA	      8A
TL1				  DATA	      8B
TMOD				  DATA	      89
TR0				  BIT	      8C
TR1				  BIT	      8E
TXD				  BIT	      B1
UDISPLAY			  CODE	    0023	  23
WR				  BIT	      B6
