
ASEM-51 V1.3                                         Copyright (c) 2002 by W.W. Heinz                                         PAGE 1





       MCS-51 Family Macro Assembler   A S E M - 5 1   V 1.3
       =====================================================



	Source File:	G:\icei\ensamblador8051\Ejercicio03\ejercicio03.asm
	Object File:	G:\icei\ensamblador8051\Ejercicio03\ejercicio03.hex
	List File:	G:\icei\ensamblador8051\Ejercicio03\ejercicio03.lst



 Line  I  Addr  Code            Source

    1:		N      0000		org 0h
    2:	  0000	78 00		inicio: mov R0, #0	;inicializar en cero R0
    3:	  0002	90 00 30	loop:	mov dptr, #digito	;mueve a A el contenido de R0
    4:	  0005	E8			mov A, R0
    5:	  0006	93			movc A, @A+dptr
    6:	  0007	08			inc R0
    7:	  0008	F5 80			mov P0,A
    8:	  000A	12 00 27		call retardo
    9:	  000D	12 00 27		call retardo
   10:	  0010	12 00 27		call retardo
   11:	  0013	12 00 27		call retardo
   12:	  0016	12 00 27		call retardo
   13:	  0019	12 00 27		call retardo
   14:	  001C	12 00 27		call retardo
   15:	  001F	12 00 27		call retardo
   16:	  0022	B8 10 DD		cjne R0,#16,loop
   17:	  0025	80 D9			sjmp inicio
   18:				; =============================================
   19:				; 	subrutina de retardo
   20:				; =============================================
   21:	  0027	79 FA		retardo:mov R1, #250
   22:	  0029	7A FA		del1: 	mov R2, #250
   23:	  002B	DA FE		del2: 	djnz R2, del2
   24:	  002D	D9 FA			djnz R1, del1
   25:	  002F	22		      	ret
   26:				      	  ;.abcdefg
   27:	  0030	7E		digito:	db 01111110b;0
   28:	  0031	30			db 00110000b;1
   29:	  0032	6D			db 01101101b;2
   30:	  0033	79			db 01111001b;3
   31:	  0034	33			db 00110011b;4
   32:	  0035	5B			db 01011011b;5
   33:	  0036	5F			db 01011111b;6
   34:	  0037	70			db 01110000b;7
   35:	  0038	7F			db 01111111b;8
   36:	  0039	7B			db 01111011b;9
   37:	  003A	77			db 01110111b;A
   38:	  003B	1F			db 00011111b;B
   39:	  003C	4E			db 01001110b;C
   40:	  003D	3D			db 00111101b;D
   41:	  003E	4F			db 01001111b;E
   42:	  003F	47			db 01000111b;F
   43:					end

ASEM-51 V1.3                                         Copyright (c) 2002 by W.W. Heinz                                         PAGE 2








                     register banks used:  ---

                     no errors




ASEM-51 V1.3                                         Copyright (c) 2002 by W.W. Heinz                                         PAGE 3





	       L I S T   O F   S Y M B O L S
	       =============================


SYMBOL				  TYPE     VALUE	LINE
------------------------------------------------------------
??ASEM_51			  NUMBER    8051
??VERSION			  NUMBER    0130
AC				  BIT	      D6
ACC				  DATA	      E0
B				  DATA	      F0
CY				  BIT	      D7
DEL1				  CODE	    0029	  22
DEL2				  CODE	    002B	  23
DIGITO				  CODE	    0030	  27
DPH				  DATA	      83
DPL				  DATA	      82
EA				  BIT	      AF
ES				  BIT	      AC
ET0				  BIT	      A9
ET1				  BIT	      AB
EX0				  BIT	      A8
EX1				  BIT	      AA
EXTI0				  CODE	    0003
EXTI1				  CODE	    0013
F0				  BIT	      D5
IE				  DATA	      A8
IE0				  BIT	      89
IE1				  BIT	      8B
INICIO				  CODE	    0000	   2
INT0				  BIT	      B2
INT1				  BIT	      B3
IP				  DATA	      B8
IT0				  BIT	      88
IT1				  BIT	      8A
LOOP				  CODE	    0002	   3
OV				  BIT	      D2
P				  BIT	      D0
P0				  DATA	      80
P1				  DATA	      90
P2				  DATA	      A0
P3				  DATA	      B0
PCON				  DATA	      87
PS				  BIT	      BC
PSW				  DATA	      D0
PT0				  BIT	      B9
PT1				  BIT	      BB
PX0				  BIT	      B8
PX1				  BIT	      BA
RB8				  BIT	      9A
RD				  BIT	      B7
REN				  BIT	      9C
RESET				  CODE	    0000
RETARDO				  CODE	    0027	  21
RI				  BIT	      98
RS0				  BIT	      D3

ASEM-51 V1.3                                         Copyright (c) 2002 by W.W. Heinz                                         PAGE 4



SYMBOL				  TYPE     VALUE	LINE
------------------------------------------------------------
RS1				  BIT	      D4
RXD				  BIT	      B0
SBUF				  DATA	      99
SCON				  DATA	      98
SINT				  CODE	    0023
SM0				  BIT	      9F
SM1				  BIT	      9E
SM2				  BIT	      9D
SP				  DATA	      81
T0				  BIT	      B4
T1				  BIT	      B5
TB8				  BIT	      9B
TCON				  DATA	      88
TF0				  BIT	      8D
TF1				  BIT	      8F
TH0				  DATA	      8C
TH1				  DATA	      8D
TI				  BIT	      99
TIMER0				  CODE	    000B
TIMER1				  CODE	    001B
TL0				  DATA	      8A
TL1				  DATA	      8B
TMOD				  DATA	      89
TR0				  BIT	      8C
TR1				  BIT	      8E
TXD				  BIT	      B1
WR				  BIT	      B6
