
ASEM-51 V1.3                                         Copyright (c) 2002 by W.W. Heinz                                         PAGE 1





       MCS-51 Family Macro Assembler   A S E M - 5 1   V 1.3
       =====================================================



	Source File:	G:\icei\ensamblador8051\Descomponer8bits\descomponer8.asm
	Object File:	G:\icei\ensamblador8051\Descomponer8bits\descomponer8.hex
	List File:	G:\icei\ensamblador8051\Descomponer8bits\descomponer8.lst



 Line  I  Addr  Code            Source

    1:		N      0030	num equ 30h
    2:
    3:		N      0000		org 0h
    4:
    5:	  0000	75 30 F5	inicio:	mov num, #245
    6:	  0003	78 7F			mov R0,#7Fh	;Puntero de memoria que apunta a 7F
    7:
    8:	  0005	E5 30		loop:	mov a,num
    9:	  0007	75 F0 0A		mov b,#10
   10:	  000A	84			div ab
   11:	  000B	FE			mov R6,a	;variable auxiliar R6 <-- A/B
   12:	  000C	75 F0 0A		mov b,#10
   13:	  000F	A4			mul ab		;A <-- A*10
   14:	  0010	C5 30			xch a,num
   15:	  0012	95 30			subb a,num
   16:	  0014	F6			mov @R0,a	;Guarda el valor de a en la direccion que apunta R0
   17:	  0015	18			dec R0		;Decrementa el puntero
   18:	  0016	8E 30			mov num,R6
   19:	  0018	EE			mov a,R6
   20:	  0019	70 EA			jnz loop
   21:	  001B	00			nop
   22:	  001C	80 E2			sjmp inicio
   23:					end





                     register banks used:  ---

                     no errors




ASEM-51 V1.3                                         Copyright (c) 2002 by W.W. Heinz                                         PAGE 2





	       L I S T   O F   S Y M B O L S
	       =============================


SYMBOL				  TYPE     VALUE	LINE
------------------------------------------------------------
??ASEM_51			  NUMBER    8051
??VERSION			  NUMBER    0130
AC				  BIT	      D6
ACC				  DATA	      E0
B				  DATA	      F0
CY				  BIT	      D7
DPH				  DATA	      83
DPL				  DATA	      82
EA				  BIT	      AF
ES				  BIT	      AC
ET0				  BIT	      A9
ET1				  BIT	      AB
EX0				  BIT	      A8
EX1				  BIT	      AA
EXTI0				  CODE	    0003
EXTI1				  CODE	    0013
F0				  BIT	      D5
IE				  DATA	      A8
IE0				  BIT	      89
IE1				  BIT	      8B
INICIO				  CODE	    0000	   5
INT0				  BIT	      B2
INT1				  BIT	      B3
IP				  DATA	      B8
IT0				  BIT	      88
IT1				  BIT	      8A
LOOP				  CODE	    0005	   8
NUM				  NUMBER    0030	   1
OV				  BIT	      D2
P				  BIT	      D0
P0				  DATA	      80
P1				  DATA	      90
P2				  DATA	      A0
P3				  DATA	      B0
PCON				  DATA	      87
PS				  BIT	      BC
PSW				  DATA	      D0
PT0				  BIT	      B9
PT1				  BIT	      BB
PX0				  BIT	      B8
PX1				  BIT	      BA
RB8				  BIT	      9A
RD				  BIT	      B7
REN				  BIT	      9C
RESET				  CODE	    0000
RI				  BIT	      98
RS0				  BIT	      D3
RS1				  BIT	      D4
RXD				  BIT	      B0
SBUF				  DATA	      99

ASEM-51 V1.3                                         Copyright (c) 2002 by W.W. Heinz                                         PAGE 3



SYMBOL				  TYPE     VALUE	LINE
------------------------------------------------------------
SCON				  DATA	      98
SINT				  CODE	    0023
SM0				  BIT	      9F
SM1				  BIT	      9E
SM2				  BIT	      9D
SP				  DATA	      81
T0				  BIT	      B4
T1				  BIT	      B5
TB8				  BIT	      9B
TCON				  DATA	      88
TF0				  BIT	      8D
TF1				  BIT	      8F
TH0				  DATA	      8C
TH1				  DATA	      8D
TI				  BIT	      99
TIMER0				  CODE	    000B
TIMER1				  CODE	    001B
TL0				  DATA	      8A
TL1				  DATA	      8B
TMOD				  DATA	      89
TR0				  BIT	      8C
TR1				  BIT	      8E
TXD				  BIT	      B1
WR				  BIT	      B6
