
ASEM-51 V1.3                                         Copyright (c) 2002 by W.W. Heinz                                         PAGE 1





       MCS-51 Family Macro Assembler   A S E M - 5 1   V 1.3
       =====================================================



	Source File:	G:\icei\ensamblador8051\Ejercicio01\blink_led.asm
	Object File:	G:\icei\ensamblador8051\Ejercicio01\blink_led.hex
	List File:	G:\icei\ensamblador8051\Ejercicio01\blink_led.lst



 Line  I  Addr  Code            Source

    1:		N      0000	        org 0h
    2:	  0000	C2 80		inicio: clr P0.0	;enviar '0' al pin P0.0
    3:	  0002	12 00 0C	        call retardo	;llamar al retardo
    4:	  0005	D2 80		        setb P0.0	;enviar '1' al pin P0.0
    5:	  0007	12 00 0C	        call retardo	;llamar al retardo
    6:	  000A	80 F4		        sjmp inicio	;loop volver a inicio
    7:				; =============================================
    8:				; 	subrutina de retardo
    9:				; =============================================
   10:	  000C	79 F9		retardo:mov R1, #249
   11:	  000E	7A F9		del1: 	mov R2, #249
   12:	  0010	DA FE		del2: 	djnz R2, del2
   13:	  0012	D9 FA			djnz R1, del1
   14:	  0014	22		      	ret
   15:				end





                     register banks used:  ---

                     no errors




ASEM-51 V1.3                                         Copyright (c) 2002 by W.W. Heinz                                         PAGE 2





	       L I S T   O F   S Y M B O L S
	       =============================


SYMBOL				  TYPE     VALUE	LINE
------------------------------------------------------------
??ASEM_51			  NUMBER    8051
??VERSION			  NUMBER    0130
AC				  BIT	      D6
ACC				  DATA	      E0
B				  DATA	      F0
CY				  BIT	      D7
DEL1				  CODE	    000E	  11
DEL2				  CODE	    0010	  12
DPH				  DATA	      83
DPL				  DATA	      82
EA				  BIT	      AF
ES				  BIT	      AC
ET0				  BIT	      A9
ET1				  BIT	      AB
EX0				  BIT	      A8
EX1				  BIT	      AA
EXTI0				  CODE	    0003
EXTI1				  CODE	    0013
F0				  BIT	      D5
IE				  DATA	      A8
IE0				  BIT	      89
IE1				  BIT	      8B
INICIO				  CODE	    0000	   2
INT0				  BIT	      B2
INT1				  BIT	      B3
IP				  DATA	      B8
IT0				  BIT	      88
IT1				  BIT	      8A
OV				  BIT	      D2
P				  BIT	      D0
P0				  DATA	      80
P1				  DATA	      90
P2				  DATA	      A0
P3				  DATA	      B0
PCON				  DATA	      87
PS				  BIT	      BC
PSW				  DATA	      D0
PT0				  BIT	      B9
PT1				  BIT	      BB
PX0				  BIT	      B8
PX1				  BIT	      BA
RB8				  BIT	      9A
RD				  BIT	      B7
REN				  BIT	      9C
RESET				  CODE	    0000
RETARDO				  CODE	    000C	  10
RI				  BIT	      98
RS0				  BIT	      D3
RS1				  BIT	      D4
RXD				  BIT	      B0

ASEM-51 V1.3                                         Copyright (c) 2002 by W.W. Heinz                                         PAGE 3



SYMBOL				  TYPE     VALUE	LINE
------------------------------------------------------------
SBUF				  DATA	      99
SCON				  DATA	      98
SINT				  CODE	    0023
SM0				  BIT	      9F
SM1				  BIT	      9E
SM2				  BIT	      9D
SP				  DATA	      81
T0				  BIT	      B4
T1				  BIT	      B5
TB8				  BIT	      9B
TCON				  DATA	      88
TF0				  BIT	      8D
TF1				  BIT	      8F
TH0				  DATA	      8C
TH1				  DATA	      8D
TI				  BIT	      99
TIMER0				  CODE	    000B
TIMER1				  CODE	    001B
TL0				  DATA	      8A
TL1				  DATA	      8B
TMOD				  DATA	      89
TR0				  BIT	      8C
TR1				  BIT	      8E
TXD				  BIT	      B1
WR				  BIT	      B6
